<?xml version="1.0" encoding="UTF-8"?>
<!-- Generated by org.testng.reporters.JUnitReportReporter -->
<testsuite skipped="0" hostname="admins-MacBook-Pro.local" name="runner.TestRunner" tests="1" failures="0" timestamp="2021-12-22T17:11:55 IST" time="8.263" errors="0">
  <testcase name="runScenario" time="8.263" classname="runner.TestRunner"/>
  <system-out/>
</testsuite> <!-- runner.TestRunner -->
